Library/Bee/Android/Prj/Mono2x/Gradle/launcher/build/intermediates/manifest_merge_blame_file/release/manifest-merger-blame-release-report.txt
1<?xml version="1.0" encoding="utf-8"?>
2<manifest xmlns:android="http://schemas.android.com/apk/res/android"
3    package="com.CoyotuDevPlay.SedanOnHighwayFreeVersion"
4    android:installLocation="preferExternal"
5    android:versionCode="1"
6    android:versionName="1.0" >
7
8    <uses-sdk
9        android:minSdkVersion="22"
9-->src\main\AndroidManifest.xml
10        android:targetSdkVersion="33" />
10-->src\main\AndroidManifest.xml
11
12    <supports-screens
12-->src\main\AndroidManifest.xml:3:3-163
13        android:anyDensity="true"
13-->src\main\AndroidManifest.xml:3:135-160
14        android:largeScreens="true"
14-->src\main\AndroidManifest.xml:3:78-105
15        android:normalScreens="true"
15-->src\main\AndroidManifest.xml:3:49-77
16        android:smallScreens="true"
16-->src\main\AndroidManifest.xml:3:21-48
17        android:xlargeScreens="true" />
17-->src\main\AndroidManifest.xml:3:106-134
18
19    <uses-feature android:glEsVersion="0x00030000" />
19-->[:unityLibrary] AndroidManifest.xml:12:5-54
19-->[:unityLibrary] AndroidManifest.xml:12:19-51
20    <uses-feature
20-->[:unityLibrary] AndroidManifest.xml:13:5-15:36
21        android:name="android.hardware.vulkan.version"
21-->[:unityLibrary] AndroidManifest.xml:14:9-55
22        android:required="false" />
22-->[:unityLibrary] AndroidManifest.xml:15:9-33
23
24    <uses-permission android:name="android.permission.INTERNET" />
24-->[:unityLibrary] AndroidManifest.xml:17:5-67
24-->[:unityLibrary] AndroidManifest.xml:17:22-64
25    <uses-permission android:name="android.permission.ACCESS_NETWORK_STATE" />
25-->[:unityLibrary] AndroidManifest.xml:18:5-79
25-->[:unityLibrary] AndroidManifest.xml:18:22-76
26
27    <uses-feature
27-->[:unityLibrary] AndroidManifest.xml:20:5-22:36
28        android:name="android.hardware.sensor.accelerometer"
28-->[:unityLibrary] AndroidManifest.xml:21:9-61
29        android:required="false" />
29-->[:unityLibrary] AndroidManifest.xml:22:9-33
30    <uses-feature
30-->[:unityLibrary] AndroidManifest.xml:23:5-25:36
31        android:name="android.hardware.touchscreen"
31-->[:unityLibrary] AndroidManifest.xml:24:9-52
32        android:required="false" />
32-->[:unityLibrary] AndroidManifest.xml:25:9-33
33    <uses-feature
33-->[:unityLibrary] AndroidManifest.xml:26:5-28:36
34        android:name="android.hardware.touchscreen.multitouch"
34-->[:unityLibrary] AndroidManifest.xml:27:9-63
35        android:required="false" />
35-->[:unityLibrary] AndroidManifest.xml:28:9-33
36    <uses-feature
36-->[:unityLibrary] AndroidManifest.xml:29:5-31:36
37        android:name="android.hardware.touchscreen.multitouch.distinct"
37-->[:unityLibrary] AndroidManifest.xml:30:9-72
38        android:required="false" />
38-->[:unityLibrary] AndroidManifest.xml:31:9-33
39
40    <uses-permission android:name="com.google.android.gms.permission.AD_ID" />
40-->[:UnityAds:] AndroidManifest.xml:11:5-79
40-->[:UnityAds:] AndroidManifest.xml:11:22-76
41
42    <application
42-->src\main\AndroidManifest.xml:4:3-83
43        android:extractNativeLibs="true"
43-->[:unityLibrary] AndroidManifest.xml:33:18-50
44        android:icon="@mipmap/app_icon"
44-->src\main\AndroidManifest.xml:4:49-80
45        android:label="@string/app_name" >
45-->src\main\AndroidManifest.xml:4:16-48
46        <activity
46-->[:unityLibrary] AndroidManifest.xml:34:9-55:20
47            android:name="com.unity3d.player.UnityPlayerActivity"
47-->[:unityLibrary] AndroidManifest.xml:35:13-66
48            android:configChanges="mcc|mnc|locale|touchscreen|keyboard|keyboardHidden|navigation|orientation|screenLayout|uiMode|screenSize|smallestScreenSize|fontScale|layoutDirection|density"
48-->[:unityLibrary] AndroidManifest.xml:36:13-194
49            android:exported="true"
49-->[:unityLibrary] AndroidManifest.xml:37:13-36
50            android:hardwareAccelerated="false"
50-->[:unityLibrary] AndroidManifest.xml:38:13-48
51            android:launchMode="singleTask"
51-->[:unityLibrary] AndroidManifest.xml:39:13-44
52            android:resizeableActivity="false"
52-->[:unityLibrary] AndroidManifest.xml:40:13-47
53            android:screenOrientation="fullUser"
53-->[:unityLibrary] AndroidManifest.xml:41:13-49
54            android:theme="@style/UnityThemeSelector" >
54-->[:unityLibrary] AndroidManifest.xml:42:13-54
55            <intent-filter>
55-->[:unityLibrary] AndroidManifest.xml:43:13-47:29
56                <action android:name="android.intent.action.MAIN" />
56-->[:unityLibrary] AndroidManifest.xml:44:17-69
56-->[:unityLibrary] AndroidManifest.xml:44:25-66
57
58                <category android:name="android.intent.category.LAUNCHER" />
58-->[:unityLibrary] AndroidManifest.xml:46:17-77
58-->[:unityLibrary] AndroidManifest.xml:46:27-74
59            </intent-filter>
60
61            <meta-data
61-->[:unityLibrary] AndroidManifest.xml:49:13-51:40
62                android:name="unityplayer.UnityActivity"
62-->[:unityLibrary] AndroidManifest.xml:50:17-57
63                android:value="true" />
63-->[:unityLibrary] AndroidManifest.xml:51:17-37
64            <meta-data
64-->[:unityLibrary] AndroidManifest.xml:52:13-54:40
65                android:name="android.notch_support"
65-->[:unityLibrary] AndroidManifest.xml:53:17-53
66                android:value="true" />
66-->[:unityLibrary] AndroidManifest.xml:54:17-37
67        </activity>
68
69        <meta-data
69-->[:unityLibrary] AndroidManifest.xml:57:9-59:33
70            android:name="unity.splash-mode"
70-->[:unityLibrary] AndroidManifest.xml:58:13-45
71            android:value="0" />
71-->[:unityLibrary] AndroidManifest.xml:59:13-30
72        <meta-data
72-->[:unityLibrary] AndroidManifest.xml:60:9-62:36
73            android:name="unity.splash-enable"
73-->[:unityLibrary] AndroidManifest.xml:61:13-47
74            android:value="True" />
74-->[:unityLibrary] AndroidManifest.xml:62:13-33
75        <meta-data
75-->[:unityLibrary] AndroidManifest.xml:63:9-65:36
76            android:name="unity.launch-fullscreen"
76-->[:unityLibrary] AndroidManifest.xml:64:13-51
77            android:value="True" />
77-->[:unityLibrary] AndroidManifest.xml:65:13-33
78        <meta-data
78-->[:unityLibrary] AndroidManifest.xml:66:9-68:37
79            android:name="unity.allow-resizable-window"
79-->[:unityLibrary] AndroidManifest.xml:67:13-56
80            android:value="False" />
80-->[:unityLibrary] AndroidManifest.xml:68:13-34
81        <meta-data
81-->[:unityLibrary] AndroidManifest.xml:69:9-71:50
82            android:name="notch.config"
82-->[:unityLibrary] AndroidManifest.xml:70:13-40
83            android:value="portrait|landscape" />
83-->[:unityLibrary] AndroidManifest.xml:71:13-47
84
85        <activity
85-->[:UnityAds:] AndroidManifest.xml:14:9-18:74
86            android:name="com.unity3d.services.ads.adunit.AdUnitActivity"
86-->[:UnityAds:] AndroidManifest.xml:15:13-74
87            android:configChanges="fontScale|keyboard|keyboardHidden|locale|mnc|mcc|navigation|orientation|screenLayout|screenSize|smallestScreenSize|uiMode|touchscreen"
87-->[:UnityAds:] AndroidManifest.xml:16:13-170
88            android:hardwareAccelerated="true"
88-->[:UnityAds:] AndroidManifest.xml:17:13-47
89            android:theme="@android:style/Theme.NoTitleBar.Fullscreen" />
89-->[:UnityAds:] AndroidManifest.xml:18:13-71
90        <activity
90-->[:UnityAds:] AndroidManifest.xml:19:9-23:86
91            android:name="com.unity3d.services.ads.adunit.AdUnitTransparentActivity"
91-->[:UnityAds:] AndroidManifest.xml:20:13-85
92            android:configChanges="fontScale|keyboard|keyboardHidden|locale|mnc|mcc|navigation|orientation|screenLayout|screenSize|smallestScreenSize|uiMode|touchscreen"
92-->[:UnityAds:] AndroidManifest.xml:21:13-170
93            android:hardwareAccelerated="true"
93-->[:UnityAds:] AndroidManifest.xml:22:13-47
94            android:theme="@android:style/Theme.Translucent.NoTitleBar.Fullscreen" />
94-->[:UnityAds:] AndroidManifest.xml:23:13-83
95        <activity
95-->[:UnityAds:] AndroidManifest.xml:24:9-28:86
96            android:name="com.unity3d.services.ads.adunit.AdUnitTransparentSoftwareActivity"
96-->[:UnityAds:] AndroidManifest.xml:25:13-93
97            android:configChanges="fontScale|keyboard|keyboardHidden|locale|mnc|mcc|navigation|orientation|screenLayout|screenSize|smallestScreenSize|uiMode|touchscreen"
97-->[:UnityAds:] AndroidManifest.xml:26:13-170
98            android:hardwareAccelerated="false"
98-->[:UnityAds:] AndroidManifest.xml:27:13-48
99            android:theme="@android:style/Theme.Translucent.NoTitleBar.Fullscreen" />
99-->[:UnityAds:] AndroidManifest.xml:28:13-83
100        <activity
100-->[:UnityAds:] AndroidManifest.xml:29:9-33:74
101            android:name="com.unity3d.services.ads.adunit.AdUnitSoftwareActivity"
101-->[:UnityAds:] AndroidManifest.xml:30:13-82
102            android:configChanges="fontScale|keyboard|keyboardHidden|locale|mnc|mcc|navigation|orientation|screenLayout|screenSize|smallestScreenSize|uiMode|touchscreen"
102-->[:UnityAds:] AndroidManifest.xml:31:13-170
103            android:hardwareAccelerated="false"
103-->[:UnityAds:] AndroidManifest.xml:32:13-48
104            android:theme="@android:style/Theme.NoTitleBar.Fullscreen" />
104-->[:UnityAds:] AndroidManifest.xml:33:13-71
105    </application>
106
107</manifest>